<?xml version="1.0" encoding="UTF-8"?>
<testng-results ignored="0" total="2" passed="2" failed="0" skipped="0">
  <reporter-output>
  </reporter-output>
  <suite started-at="2025-02-12T14:07:04 IST" name="Surefire suite" finished-at="2025-02-12T14:07:04 IST" duration-ms="58">
    <groups>
    </groups>
    <test started-at="2025-02-12T14:07:04 IST" name="Surefire test" finished-at="2025-02-12T14:07:04 IST" duration-ms="58">
      <class name="com.example.AppTest">
        <test-method signature="testAddition()[pri:0, instance:com.example.AppTest@5d47c63f]" started-at="2025-02-12T14:07:04 IST" name="testAddition" finished-at="2025-02-12T14:07:04 IST" duration-ms="7" status="PASS">
          <reporter-output>
          </reporter-output>
        </test-method> <!-- testAddition -->
      </class> <!-- com.example.AppTest -->
      <class name="com.example.CalculatorTest">
        <test-method signature="testAddition()[pri:0, instance:com.example.CalculatorTest@52e677af]" started-at="2025-02-12T14:07:04 IST" name="testAddition" finished-at="2025-02-12T14:07:04 IST" duration-ms="4" status="PASS">
          <reporter-output>
          </reporter-output>
        </test-method> <!-- testAddition -->
      </class> <!-- com.example.CalculatorTest -->
    </test> <!-- Surefire test -->
  </suite> <!-- Surefire suite -->
</testng-results>
